<?xml version="1.0" encoding="UTF-8"?>
<!-- Generated by org.testng.reporters.JUnitReportReporter -->
<testsuite skipped="0" hostname="selenium-PC" name="runner.PostTestNgRunner" tests="1" failures="0" timestamp="03 May 2020 14:31:58 GMT" time="0.214" errors="0">
  <testcase name="feature" time="0.214" classname="runner.PostTestNgRunner"/>
</testsuite> <!-- runner.PostTestNgRunner -->
